c:\users\lzx93\source\repos\cos30008_pp1_101232574_lim zong xin\debug\vc142.pdb
c:\users\lzx93\source\repos\cos30008_pp1_101232574_lim zong xin\debug\vc142.idb
c:\users\lzx93\source\repos\cos30008_pp1_101232574_lim zong xin\debug\weaponbag.obj
c:\users\lzx93\source\repos\cos30008_pp1_101232574_lim zong xin\debug\stack.obj
c:\users\lzx93\source\repos\cos30008_pp1_101232574_lim zong xin\debug\shop.obj
c:\users\lzx93\source\repos\cos30008_pp1_101232574_lim zong xin\debug\potionbag.obj
c:\users\lzx93\source\repos\cos30008_pp1_101232574_lim zong xin\debug\player.obj
c:\users\lzx93\source\repos\cos30008_pp1_101232574_lim zong xin\debug\main.obj
c:\users\lzx93\source\repos\cos30008_pp1_101232574_lim zong xin\debug\iterator.obj
c:\users\lzx93\source\repos\cos30008_pp1_101232574_lim zong xin\debug\entity.obj
c:\users\lzx93\source\repos\cos30008_pp1_101232574_lim zong xin\debug\enemy.obj
c:\users\lzx93\source\repos\cos30008_pp1_101232574_lim zong xin\debug\pp1.ilk
c:\users\lzx93\source\repos\cos30008_project2_prototype_101232574_lim zong xin\debug\pp1.exe
c:\users\lzx93\source\repos\cos30008_project2_prototype_101232574_lim zong xin\debug\pp1.pdb
c:\users\lzx93\source\repos\cos30008_pp1_101232574_lim zong xin\debug\pp1.tlog\cl.command.1.tlog
c:\users\lzx93\source\repos\cos30008_pp1_101232574_lim zong xin\debug\pp1.tlog\cl.read.1.tlog
c:\users\lzx93\source\repos\cos30008_pp1_101232574_lim zong xin\debug\pp1.tlog\cl.write.1.tlog
c:\users\lzx93\source\repos\cos30008_pp1_101232574_lim zong xin\debug\pp1.tlog\link.command.1.tlog
c:\users\lzx93\source\repos\cos30008_pp1_101232574_lim zong xin\debug\pp1.tlog\link.read.1.tlog
c:\users\lzx93\source\repos\cos30008_pp1_101232574_lim zong xin\debug\pp1.tlog\link.write.1.tlog
